<?xml version="1.0" encoding="UTF-8"?>
<!-- Generated by org.testng.reporters.JUnitReportReporter -->
<testsuite skipped="0" hostname="DESKTOP-ASHB0GB" name="com.bruce.testCases.TestGotoHomePage" tests="1" failures="0" timestamp="14 八月 2018 11:29:54 GMT" time="7.217" errors="0">
  <testcase name="TestSwipIntoHomePage" time="7.217" classname="com.bruce.testCases.TestGotoHomePage"/>
</testsuite> <!-- com.bruce.testCases.TestGotoHomePage -->
